0 info it worked if it ends with ok
1 verbose cli [ '/usr/local/bin/node',
1 verbose cli   '/usr/local/bin/npm',
1 verbose cli   'install',
1 verbose cli   '–g',
1 verbose cli   'wiredep',
1 verbose cli   'bower' ]
2 info using npm@2.5.1
3 info using node@v0.12.0
4 warn package.json passport-local@0.1.6 No README data
5 silly cache add args [ '–g', null ]
6 verbose cache add spec –g
7 silly cache add args [ 'wiredep', null ]
8 verbose cache add spec wiredep
9 silly cache add args [ 'bower', null ]
10 verbose cache add spec bower
11 silly cache add parsed spec { raw: '–g',
11 silly cache add   scope: null,
11 silly cache add   name: null,
11 silly cache add   rawSpec: '–g',
11 silly cache add   spec: '/Users/jwhitmarsh/src/dorgular/–g',
11 silly cache add   type: 'local' }
12 silly cache add parsed spec { raw: 'wiredep',
12 silly cache add   scope: null,
12 silly cache add   name: 'wiredep',
12 silly cache add   rawSpec: '',
12 silly cache add   spec: '*',
12 silly cache add   type: 'range' }
13 verbose addNamed wiredep@*
14 silly addNamed semver.valid null
15 silly addNamed semver.validRange *
16 silly addNameRange { name: 'wiredep', range: '*', hasData: false }
17 silly mapToRegistry name wiredep
18 silly mapToRegistry using default registry
19 silly mapToRegistry registry https://registry.npmjs.org/
20 silly mapToRegistry uri https://registry.npmjs.org/wiredep
21 verbose addNameRange registry:https://registry.npmjs.org/wiredep not in flight; fetching
22 silly cache add parsed spec { raw: 'bower',
22 silly cache add   scope: null,
22 silly cache add   name: 'bower',
22 silly cache add   rawSpec: '',
22 silly cache add   spec: '*',
22 silly cache add   type: 'range' }
23 verbose addNamed bower@*
24 silly addNamed semver.valid null
25 silly addNamed semver.validRange *
26 silly addNameRange { name: 'bower', range: '*', hasData: false }
27 silly mapToRegistry name bower
28 silly mapToRegistry using default registry
29 silly mapToRegistry registry https://registry.npmjs.org/
30 silly mapToRegistry uri https://registry.npmjs.org/bower
31 verbose addNameRange registry:https://registry.npmjs.org/bower not in flight; fetching
32 error addLocal Could not install /Users/jwhitmarsh/src/dorgular/–g
33 verbose request uri https://registry.npmjs.org/wiredep
34 verbose request no auth needed
35 info attempt registry request try #1 at 8:40:37 PM
36 verbose request id fb1c2da43db7ce3e
37 verbose etag "3R5P9HDP0FQSD8FP9NJFS9UXY"
38 http request GET https://registry.npmjs.org/wiredep
39 verbose request uri https://registry.npmjs.org/bower
40 verbose request no auth needed
41 info attempt registry request try #1 at 8:40:37 PM
42 verbose etag "D48461ZTOJXXQNCUBER3I4BD9"
43 http request GET https://registry.npmjs.org/bower
44 http 304 https://registry.npmjs.org/bower
45 silly get cb [ 304,
45 silly get   { date: 'Thu, 26 Mar 2015 20:40:35 GMT',
45 silly get     server: 'Apache',
45 silly get     via: '1.1 varnish',
45 silly get     'last-modified': 'Thu, 26 Mar 2015 20:40:35 GMT',
45 silly get     'cache-control': 'max-age=60',
45 silly get     etag: '"D48461ZTOJXXQNCUBER3I4BD9"',
45 silly get     age: '49',
45 silly get     'x-served-by': 'cache-lhr6327-LHR',
45 silly get     'x-cache': 'HIT',
45 silly get     'x-cache-hits': '1',
45 silly get     'x-timer': 'S1427402435.861846,VS0,VE1',
45 silly get     vary: 'Accept',
45 silly get     'content-length': '0',
45 silly get     'keep-alive': 'timeout=10, max=50',
45 silly get     connection: 'Keep-Alive' } ]
46 verbose etag https://registry.npmjs.org/bower from cache
47 verbose get saving bower to /Users/jwhitmarsh/.npm/registry.npmjs.org/bower/.cache.json
48 silly addNameRange number 2 { name: 'bower', range: '*', hasData: true }
49 silly addNameRange versions [ 'bower',
49 silly addNameRange   [ '0.1.0',
49 silly addNameRange     '0.1.2',
49 silly addNameRange     '0.1.3',
49 silly addNameRange     '0.2.0',
49 silly addNameRange     '0.3.0',
49 silly addNameRange     '0.3.1',
49 silly addNameRange     '0.3.2',
49 silly addNameRange     '0.4.0',
49 silly addNameRange     '0.5.0',
49 silly addNameRange     '0.5.1',
49 silly addNameRange     '0.6.0',
49 silly addNameRange     '0.6.1',
49 silly addNameRange     '0.6.2',
49 silly addNameRange     '0.6.3',
49 silly addNameRange     '0.6.4',
49 silly addNameRange     '0.6.5',
49 silly addNameRange     '0.6.6',
49 silly addNameRange     '0.6.7',
49 silly addNameRange     '0.6.8',
49 silly addNameRange     '0.7.0',
49 silly addNameRange     '0.7.1',
49 silly addNameRange     '0.8.0',
49 silly addNameRange     '0.8.1',
49 silly addNameRange     '0.8.2',
49 silly addNameRange     '0.8.3',
49 silly addNameRange     '0.8.4',
49 silly addNameRange     '0.8.5',
49 silly addNameRange     '0.8.6',
49 silly addNameRange     '0.9.0',
49 silly addNameRange     '0.9.1',
49 silly addNameRange     '0.9.2',
49 silly addNameRange     '0.10.0',
49 silly addNameRange     '1.0.0',
49 silly addNameRange     '1.0.1',
49 silly addNameRange     '1.0.2',
49 silly addNameRange     '1.0.3',
49 silly addNameRange     '1.1.0',
49 silly addNameRange     '1.1.1',
49 silly addNameRange     '1.1.2',
49 silly addNameRange     '1.2.0',
49 silly addNameRange     '1.2.1',
49 silly addNameRange     '1.2.2',
49 silly addNameRange     '1.2.3',
49 silly addNameRange     '1.2.4',
49 silly addNameRange     '1.2.5',
49 silly addNameRange     '1.2.6',
49 silly addNameRange     '1.2.7',
49 silly addNameRange     '1.2.8',
49 silly addNameRange     '1.3.0',
49 silly addNameRange     '1.3.1',
49 silly addNameRange     '1.3.2',
49 silly addNameRange     '1.3.3',
49 silly addNameRange     '1.3.4',
49 silly addNameRange     '1.3.5',
49 silly addNameRange     '1.3.6',
49 silly addNameRange     '1.3.7',
49 silly addNameRange     '1.3.8',
49 silly addNameRange     '1.3.9',
49 silly addNameRange     '1.3.10',
49 silly addNameRange     '1.3.11',
49 silly addNameRange     '1.3.12' ] ]
50 verbose addNamed bower@1.3.12
51 silly addNamed semver.valid 1.3.12
52 silly addNamed semver.validRange 1.3.12
53 silly cache afterAdd bower@1.3.12
54 verbose afterAdd /Users/jwhitmarsh/.npm/bower/1.3.12/package/package.json not in flight; writing
55 verbose afterAdd /Users/jwhitmarsh/.npm/bower/1.3.12/package/package.json written
56 http 304 https://registry.npmjs.org/wiredep
57 silly get cb [ 304,
57 silly get   { date: 'Thu, 26 Mar 2015 20:40:35 GMT',
57 silly get     server: 'Apache',
57 silly get     via: '1.1 varnish',
57 silly get     'last-modified': 'Thu, 26 Mar 2015 20:40:35 GMT',
57 silly get     'cache-control': 'max-age=60',
57 silly get     etag: '"3R5P9HDP0FQSD8FP9NJFS9UXY"',
57 silly get     age: '47',
57 silly get     'x-served-by': 'cache-lhr6324-LHR',
57 silly get     'x-cache': 'HIT',
57 silly get     'x-cache-hits': '1',
57 silly get     'x-timer': 'S1427402435.877480,VS0,VE1',
57 silly get     vary: 'Accept',
57 silly get     'content-length': '0',
57 silly get     'keep-alive': 'timeout=10, max=50',
57 silly get     connection: 'Keep-Alive' } ]
58 verbose etag https://registry.npmjs.org/wiredep from cache
59 verbose get saving wiredep to /Users/jwhitmarsh/.npm/registry.npmjs.org/wiredep/.cache.json
60 silly addNameRange number 2 { name: 'wiredep', range: '*', hasData: true }
61 silly addNameRange versions [ 'wiredep',
61 silly addNameRange   [ '0.1.0',
61 silly addNameRange     '0.1.1',
61 silly addNameRange     '0.1.2',
61 silly addNameRange     '0.1.4',
61 silly addNameRange     '0.1.5',
61 silly addNameRange     '0.1.6',
61 silly addNameRange     '0.1.7',
61 silly addNameRange     '0.1.8',
61 silly addNameRange     '0.2.0',
61 silly addNameRange     '0.3.0',
61 silly addNameRange     '0.3.1',
61 silly addNameRange     '0.4.0',
61 silly addNameRange     '0.4.1',
61 silly addNameRange     '0.4.2',
61 silly addNameRange     '0.5.0',
61 silly addNameRange     '0.5.1',
61 silly addNameRange     '0.5.2',
61 silly addNameRange     '1.0.0',
61 silly addNameRange     '1.1.0',
61 silly addNameRange     '1.1.1',
61 silly addNameRange     '1.2.0',
61 silly addNameRange     '1.2.1',
61 silly addNameRange     '1.2.2',
61 silly addNameRange     '1.3.0',
61 silly addNameRange     '1.3.1',
61 silly addNameRange     '1.3.2',
61 silly addNameRange     '1.3.3',
61 silly addNameRange     '1.4.0',
61 silly addNameRange     '1.4.1',
61 silly addNameRange     '1.4.2',
61 silly addNameRange     '1.4.3',
61 silly addNameRange     '1.4.4',
61 silly addNameRange     '1.5.0',
61 silly addNameRange     '1.6.0',
61 silly addNameRange     '1.6.1',
61 silly addNameRange     '1.6.2',
61 silly addNameRange     '1.7.0',
61 silly addNameRange     '1.7.1',
61 silly addNameRange     '1.7.2',
61 silly addNameRange     '1.7.3',
61 silly addNameRange     '1.8.0',
61 silly addNameRange     '1.8.1',
61 silly addNameRange     '1.8.2',
61 silly addNameRange     '1.8.3',
61 silly addNameRange     '1.8.4',
61 silly addNameRange     '1.8.5',
61 silly addNameRange     '1.8.6',
61 silly addNameRange     '2.0.0',
61 silly addNameRange     '2.0.1',
61 silly addNameRange     '2.1.0',
61 silly addNameRange     '2.2.0',
61 silly addNameRange     '2.2.1',
61 silly addNameRange     '2.2.2' ] ]
62 verbose addNamed wiredep@2.2.2
63 silly addNamed semver.valid 2.2.2
64 silly addNamed semver.validRange 2.2.2
65 silly cache afterAdd wiredep@2.2.2
66 verbose afterAdd /Users/jwhitmarsh/.npm/wiredep/2.2.2/package/package.json not in flight; writing
67 verbose afterAdd /Users/jwhitmarsh/.npm/wiredep/2.2.2/package/package.json written
68 verbose stack Error: ENOENT, open '/Users/jwhitmarsh/src/dorgular/–g'
68 verbose stack     at Error (native)
69 verbose cwd /Users/jwhitmarsh/src/dorgular
70 error Darwin 13.4.0
71 error argv "/usr/local/bin/node" "/usr/local/bin/npm" "install" "–g" "wiredep" "bower"
72 error node v0.12.0
73 error npm  v2.5.1
74 error path /Users/jwhitmarsh/src/dorgular/–g
75 error code ENOENT
76 error errno -2
77 error enoent ENOENT, open '/Users/jwhitmarsh/src/dorgular/–g'
77 error enoent This is most likely not a problem with npm itself
77 error enoent and is related to npm not being able to find a file.
78 verbose exit [ -2, true ]
